  Core.cpp
C:\coding\socketPingpong\SocketPingPong\SocketPingPong\header\resource.h(14,1): warning C4005: 'IDC_SOCKETPINGPONG': 매크로 재정의
C:\coding\socketPingpong\SocketPingPong\SocketPingPong\header\resource.h(12,1): message : 'IDC_SOCKETPINGPONG'의 이전 정의를 참조하십시오.
C:\coding\socketPingpong\SocketPingPong\SocketPingPong\tools\Transform.h(31,51): warning C4244: '인수': 'float'에서 'int'(으)로 변환하면서 데이터가 손실될 수 있습니다.
C:\coding\socketPingpong\SocketPingPong\SocketPingPong\tools\Transform.h(31,48): warning C4244: '인수': 'float'에서 'int'(으)로 변환하면서 데이터가 손실될 수 있습니다.
C:\coding\socketPingpong\SocketPingPong\SocketPingPong\tools\OBJ.h(4,10): warning C4067: 전처리기 지시문 다음에 예기치 않은 토큰이 있습니다. 줄 바꿈 문자가 필요합니다.
C:\coding\socketPingpong\SocketPingPong\SocketPingPong\tools\OBJ.h(39,25): warning C4244: '인수': 'float'에서 'int'(으)로 변환하면서 데이터가 손실될 수 있습니다.
C:\coding\socketPingpong\SocketPingPong\SocketPingPong\tools\OBJ.h(38,25): warning C4244: '인수': 'float'에서 'int'(으)로 변환하면서 데이터가 손실될 수 있습니다.
C:\coding\socketPingpong\SocketPingPong\SocketPingPong\tools\OBJ.h(37,25): warning C4244: '인수': 'float'에서 'int'(으)로 변환하면서 데이터가 손실될 수 있습니다.
C:\coding\socketPingpong\SocketPingPong\SocketPingPong\tools\OBJ.h(36,25): warning C4244: '인수': 'float'에서 'int'(으)로 변환하면서 데이터가 손실될 수 있습니다.
C:\coding\socketPingpong\SocketPingPong\SocketPingPong\source\Core.cpp(55,65): warning C4267: '인수': 'size_t'에서 'int'(으)로 변환하면서 데이터가 손실될 수 있습니다.
  SocketPingPong.cpp
C:\coding\socketPingpong\SocketPingPong\SocketPingPong\header\resource.h(14,1): warning C4005: 'IDC_SOCKETPINGPONG': 매크로 재정의
C:\coding\socketPingpong\SocketPingPong\SocketPingPong\header\resource.h(12,1): message : 'IDC_SOCKETPINGPONG'의 이전 정의를 참조하십시오.
C:\coding\socketPingpong\SocketPingPong\SocketPingPong\tools\Transform.h(31,51): warning C4244: '인수': 'float'에서 'int'(으)로 변환하면서 데이터가 손실될 수 있습니다.
C:\coding\socketPingpong\SocketPingPong\SocketPingPong\tools\Transform.h(31,48): warning C4244: '인수': 'float'에서 'int'(으)로 변환하면서 데이터가 손실될 수 있습니다.
C:\coding\socketPingpong\SocketPingPong\SocketPingPong\tools\OBJ.h(4,10): warning C4067: 전처리기 지시문 다음에 예기치 않은 토큰이 있습니다. 줄 바꿈 문자가 필요합니다.
C:\coding\socketPingpong\SocketPingPong\SocketPingPong\tools\OBJ.h(39,25): warning C4244: '인수': 'float'에서 'int'(으)로 변환하면서 데이터가 손실될 수 있습니다.
C:\coding\socketPingpong\SocketPingPong\SocketPingPong\tools\OBJ.h(38,25): warning C4244: '인수': 'float'에서 'int'(으)로 변환하면서 데이터가 손실될 수 있습니다.
C:\coding\socketPingpong\SocketPingPong\SocketPingPong\tools\OBJ.h(37,25): warning C4244: '인수': 'float'에서 'int'(으)로 변환하면서 데이터가 손실될 수 있습니다.
C:\coding\socketPingpong\SocketPingPong\SocketPingPong\tools\OBJ.h(36,25): warning C4244: '인수': 'float'에서 'int'(으)로 변환하면서 데이터가 손실될 수 있습니다.
  코드를 생성하고 있습니다...
  SocketPingPong.vcxproj -> C:\coding\socketPingpong\SocketPingPong\x64\Debug\SocketPingPong.exe
